[debug] [2018-06-11T19:09:10.193Z] ----------------------------------------------------------------------
[debug] [2018-06-11T19:09:10.197Z] Command:       /usr/local/Cellar/node/9.11.1/bin/node /usr/local/bin/firebase open
[debug] [2018-06-11T19:09:10.197Z] CLI Version:   3.18.5
[debug] [2018-06-11T19:09:10.197Z] Platform:      darwin
[debug] [2018-06-11T19:09:10.197Z] Node Version:  v9.11.1
[debug] [2018-06-11T19:09:10.226Z] Time:          Mon Jun 11 2018 14:09:10 GMT-0500 (CDT)
[debug] [2018-06-11T19:09:10.226Z] ----------------------------------------------------------------------
[debug] 
[debug] [2018-06-11T19:09:10.485Z] > command requires scopes: ["email","openid","https://www.googleapis.com/auth/cloudplatformprojects.readonly","https://www.googleapis.com/auth/firebase"]
[debug] [2018-06-11T19:09:10.485Z] > authorizing via signed-in user
[debug] [2018-06-11T19:09:10.488Z] > refreshing access token with scopes: ["email","https://www.googleapis.com/auth/cloudplatformprojects.readonly","https://www.googleapis.com/auth/firebase","openid"]
[debug] [2018-06-11T19:09:10.488Z] >>> HTTP REQUEST POST https://www.googleapis.com/oauth2/v3/token  
 { refresh_token: '1/kTABOZ5svOLklEU-XFVZfeAiUystU_T7fDmEcEvzgO4',
  client_id: '563584335869-fgrhgmd47bqnekij5i8b5pr03ho849e6.apps.googleusercontent.com',
  client_secret: 'j9iVZfS8kkCEFUPaAeJV0sAi',
  grant_type: 'refresh_token',
  scope: 'email https://www.googleapis.com/auth/cloudplatformprojects.readonly https://www.googleapis.com/auth/firebase openid' } 
 Mon Jun 11 2018 14:09:10 GMT-0500 (CDT)
[debug] [2018-06-11T19:09:10.875Z] <<< HTTP RESPONSE 200
[debug] [2018-06-11T19:09:11.110Z] >>> HTTP REQUEST GET https://admin.firebase.com/v1/projects/goalty-app  
  
 Mon Jun 11 2018 14:09:11 GMT-0500 (CDT)
[debug] [2018-06-11T19:09:12.511Z] <<< HTTP RESPONSE 200
[debug] [2018-06-11T19:09:12.513Z] >>> HTTP REQUEST GET https://admin.firebase.com/v1/database/goalty-app/tokens  
  
 Mon Jun 11 2018 14:09:12 GMT-0500 (CDT)
[debug] [2018-06-11T19:09:12.801Z] <<< HTTP RESPONSE 200
